{
  "Event": {
    "#attributes": {
      "xmlns": "http://schemas.microsoft.com/win/2004/08/events/event"
    },
    "System": {
      "Provider": {
        "#attributes": {
          "Name": "Microsoft-Windows-Security-Auditing",
          "Guid": "54849625-5478-4994-A5BA-3E3B0328C30D"
        }
      },
      "EventID": 5136,
      "Version": 2,
      "Level": 0,
      "Task": 12544,
      "Opcode": 0,
      "Keywords": "0x8020000000000000",
      "TimeCreated": {
        "#attributes": {
          "SystemTime": "2026-09-28T09:00:38.5123456Z"
        }
      },
      "EventRecordID": 3038,
      "Correlation": null,
      "Execution": {
        "#attributes": {
          "ProcessID": 780,
          "ThreadID": 1204
        }
      },
      "Channel": "Security",
      "Computer": "DC-01.corp.example",
      "Security": null
    },
    "EventData": {
      "OpCorrelationID": "{8F1B6C2E-3A4D-4E5F-9A0B-1C2D3E4F5A6B}",
      "AppCorrelationID": "-",
      "SubjectUserSid": "S-1-5-21-1004336348-1177238915-682003330-1105",
      "SubjectUserName": "it-admin",
      "SubjectDomainName": "CORP",
      "SubjectLogonId": "0x5f3a21",
      "DSName": "corp.example",
      "DSType": "%%14676",
      "ObjectDN": "CN=Finance Readers,OU=Groups,DC=corp,DC=example",
      "ObjectGUID": "{3C9E2A71-5B8D-4F02-A6E1-7D4C9B0A2E13}",
      "ObjectClass": "group",
      "AttributeLDAPDisplayName": "description",
      "AttributeSyntaxOID": "2.5.5.12",
      "AttributeValue": "Read access to finance reports",
      "OperationType": "%%14674"
    }
  }
}
{
  "Event": {
    "#attributes": {
      "xmlns": "http://schemas.microsoft.com/win/2004/08/events/event"
    },
    "System": {
      "Provider": {
        "#attributes": {
          "Name": "Microsoft-Windows-Security-Auditing",
          "Guid": "54849625-5478-4994-A5BA-3E3B0328C30D"
        }
      },
      "EventID": 4776,
      "Version": 2,
      "Level": 0,
      "Task": 12544,
      "Opcode": 0,
      "Keywords": "0x8020000000000000",
      "TimeCreated": {
        "#attributes": {
          "SystemTime": "2026-09-28T09:00:39.5123456Z"
        }
      },
      "EventRecordID": 3039,
      "Correlation": null,
      "Execution": {
        "#attributes": {
          "ProcessID": 780,
          "ThreadID": 1204
        }
      },
      "Channel": "Security",
      "Computer": "DC-01.corp.example",
      "Security": null
    },
    "EventData": {
      "PackageName": "MICROSOFT_AUTHENTICATION_PACKAGE_V1_0",
      "TargetUserName": "adam",
      "Workstation": "WS-FINANCE-07",
      "Status": "0x0"
    }
  }
}
{
  "Event": {
    "#attributes": {
      "xmlns": "http://schemas.microsoft.com/win/2004/08/events/event"
    },
    "System": {
      "Provider": {
        "#attributes": {
          "Name": "Microsoft-Windows-Security-Auditing",
          "Guid": "54849625-5478-4994-A5BA-3E3B0328C30D"
        }
      },
      "EventID": 4776,
      "Version": 2,
      "Level": 0,
      "Task": 12544,
      "Opcode": 0,
      "Keywords": "0x8020000000000000",
      "TimeCreated": {
        "#attributes": {
          "SystemTime": "2026-09-28T09:00:40.5123456Z"
        }
      },
      "EventRecordID": 3040,
      "Correlation": null,
      "Execution": {
        "#attributes": {
          "ProcessID": 780,
          "ThreadID": 1204
        }
      },
      "Channel": "Security",
      "Computer": "DC-01.corp.example",
      "Security": null
    },
    "EventData": {
      "PackageName": "MICROSOFT_AUTHENTICATION_PACKAGE_V1_0",
      "TargetUserName": "adam",
      "Workstation": "LAPTOP-GUEST",
      "Status": "0xc000006a"
    }
  }
}
{
  "Event": {
    "#attributes": {
      "xmlns": "http://schemas.microsoft.com/win/2004/08/events/event"
    },
    "System": {
      "Provider": {
        "#attributes": {
          "Name": "Microsoft-Windows-Security-Auditing",
          "Guid": "54849625-5478-4994-A5BA-3E3B0328C30D"
        }
      },
      "EventID": 4738,
      "Version": 2,
      "Level": 0,
      "Task": 12544,
      "Opcode": 0,
      "Keywords": "0x8020000000000000",
      "TimeCreated": {
        "#attributes": {
          "SystemTime": "2026-09-28T09:00:41.5123456Z"
        }
      },
      "EventRecordID": 3041,
      "Correlation": null,
      "Execution": {
        "#attributes": {
          "ProcessID": 780,
          "ThreadID": 1204
        }
      },
      "Channel": "Security",
      "Computer": "DC-01.corp.example",
      "Security": null
    },
    "EventData": {
      "TargetUserName": "jdoe",
      "TargetDomainName": "CORP",
      "TargetSid": "S-1-5-21-1004336348-1177238915-682003330-1311",
      "SubjectUserSid": "S-1-5-21-1004336348-1177238915-682003330-1105",
      "SubjectUserName": "it-admin",
      "SubjectDomainName": "CORP",
      "SubjectLogonId": "0x5f3a21",
      "Dummy": "-",
      "SamAccountName": "-",
      "DisplayName": "-",
      "UserPrincipalName": "-",
      "HomeDirectory": "-",
      "HomePath": "-",
      "ScriptPath": "-",
      "ProfilePath": "-",
      "UserWorkstations": "-",
      "PasswordLastSet": "-",
      "AccountExpires": "-",
      "PrimaryGroupId": "-",
      "AllowedToDelegateTo": "-",
      "OldUacValue": "0x10",
      "NewUacValue": "0x210",
      "UserAccountControl": "%%2089",
      "UserParameters": "-",
      "SidHistory": "-",
      "LogonHours": "-",
      "PrivilegeList": "-"
    }
  }
}
{
  "Event": {
    "#attributes": {
      "xmlns": "http://schemas.microsoft.com/win/2004/08/events/event"
    },
    "System": {
      "Provider": {
        "#attributes": {
          "Name": "Microsoft-Windows-Security-Auditing",
          "Guid": "54849625-5478-4994-A5BA-3E3B0328C30D"
        }
      },
      "EventID": 4742,
      "Version": 2,
      "Level": 0,
      "Task": 12544,
      "Opcode": 0,
      "Keywords": "0x8020000000000000",
      "TimeCreated": {
        "#attributes": {
          "SystemTime": "2026-09-28T09:00:42.5123456Z"
        }
      },
      "EventRecordID": 3042,
      "Correlation": null,
      "Execution": {
        "#attributes": {
          "ProcessID": 780,
          "ThreadID": 1204
        }
      },
      "Channel": "Security",
      "Computer": "DC-01.corp.example",
      "Security": null
    },
    "EventData": {
      "TargetUserName": "WS-NEW-12$",
      "TargetDomainName": "CORP",
      "TargetSid": "S-1-5-21-1004336348-1177238915-682003330-1830",
      "SubjectUserSid": "S-1-5-21-1004336348-1177238915-682003330-1105",
      "SubjectUserName": "it-admin",
      "SubjectDomainName": "CORP",
      "SubjectLogonId": "0x5f3a21",
      "Dummy": "-",
      "SamAccountName": "-",
      "DisplayName": "-",
      "UserPrincipalName": "-",
      "HomeDirectory": "-",
      "HomePath": "-",
      "ScriptPath": "-",
      "ProfilePath": "-",
      "UserWorkstations": "-",
      "PasswordLastSet": "-",
      "AccountExpires": "-",
      "PrimaryGroupId": "-",
      "AllowedToDelegateTo": "cifs/FS-02.corp.example",
      "OldUacValue": "0x10",
      "NewUacValue": "0x210",
      "UserAccountControl": "%%2089",
      "UserParameters": "-",
      "SidHistory": "-",
      "LogonHours": "-",
      "PrivilegeList": "-",
      "ComputerAccountChange": "-",
      "DnsHostName": "WS-NEW-12.corp.example",
      "ServicePrincipalNames": "HOST/WS-NEW-12.corp.example"
    }
  }
}
{
  "Event": {
    "#attributes": {
      "xmlns": "http://schemas.microsoft.com/win/2004/08/events/event"
    },
    "System": {
      "Provider": {
        "#attributes": {
          "Name": "Microsoft-Windows-Security-Auditing",
          "Guid": "54849625-5478-4994-A5BA-3E3B0328C30D"
        }
      },
      "EventID": 4727,
      "Version": 2,
      "Level": 0,
      "Task": 12544,
      "Opcode": 0,
      "Keywords": "0x8020000000000000",
      "TimeCreated": {
        "#attributes": {
          "SystemTime": "2026-09-28T09:00:43.5123456Z"
        }
      },
      "EventRecordID": 3043,
      "Correlation": null,
      "Execution": {
        "#attributes": {
          "ProcessID": 780,
          "ThreadID": 1204
        }
      },
      "Channel": "Security",
      "Computer": "DC-01.corp.example",
      "Security": null
    },
    "EventData": {
      "TargetUserName": "Finance Auditors",
      "TargetDomainName": "CORP",
      "TargetSid": "S-1-5-21-1004336348-1177238915-682003330-1901",
      "SubjectUserSid": "S-1-5-21-1004336348-1177238915-682003330-1105",
      "SubjectUserName": "it-admin",
      "SubjectDomainName": "CORP",
      "SubjectLogonId": "0x5f3a21",
      "PrivilegeList": "-"
    }
  }
}
{
  "Event": {
    "#attributes": {
      "xmlns": "http://schemas.microsoft.com/win/2004/08/events/event"
    },
    "System": {
      "Provider": {
        "#attributes": {
          "Name": "Microsoft-Windows-Security-Auditing",
          "Guid": "54849625-5478-4994-A5BA-3E3B0328C30D"
        }
      },
      "EventID": 4731,
      "Version": 2,
      "Level": 0,
      "Task": 12544,
      "Opcode": 0,
      "Keywords": "0x8020000000000000",
      "TimeCreated": {
        "#attributes": {
          "SystemTime": "2026-09-28T09:00:44.5123456Z"
        }
      },
      "EventRecordID": 3044,
      "Correlation": null,
      "Execution": {
        "#attributes": {
          "ProcessID": 780,
          "ThreadID": 1204
        }
      },
      "Channel": "Security",
      "Computer": "DC-01.corp.example",
      "Security": null
    },
    "EventData": {
      "TargetUserName": "Finance Local",
      "TargetDomainName": "WS-FINANCE-07",
      "TargetSid": "S-1-5-21-2203514127-3911278645-1283746152-1010",
      "SubjectUserSid": "S-1-5-21-1004336348-1177238915-682003330-1105",
      "SubjectUserName": "it-admin",
      "SubjectDomainName": "CORP",
      "SubjectLogonId": "0x5f3a21",
      "PrivilegeList": "-"
    }
  }
}
{
  "Event": {
    "#attributes": {
      "xmlns": "http://schemas.microsoft.com/win/2004/08/events/event"
    },
    "System": {
      "Provider": {
        "#attributes": {
          "Name": "Microsoft-Windows-Security-Auditing",
          "Guid": "54849625-5478-4994-A5BA-3E3B0328C30D"
        }
      },
      "EventID": 4754,
      "Version": 2,
      "Level": 0,
      "Task": 12544,
      "Opcode": 0,
      "Keywords": "0x8020000000000000",
      "TimeCreated": {
        "#attributes": {
          "SystemTime": "2026-09-28T09:00:45.5123456Z"
        }
      },
      "EventRecordID": 3045,
      "Correlation": null,
      "Execution": {
        "#attributes": {
          "ProcessID": 780,
          "ThreadID": 1204
        }
      },
      "Channel": "Security",
      "Computer": "DC-01.corp.example",
      "Security": null
    },
    "EventData": {
      "TargetUserName": "Finance Global Readers",
      "TargetDomainName": "CORP",
      "TargetSid": "S-1-5-21-1004336348-1177238915-682003330-1902",
      "SubjectUserSid": "S-1-5-21-1004336348-1177238915-682003330-1105",
      "SubjectUserName": "it-admin",
      "SubjectDomainName": "CORP",
      "SubjectLogonId": "0x5f3a21",
      "PrivilegeList": "-"
    }
  }
}
{
  "Event": {
    "#attributes": {
      "xmlns": "http://schemas.microsoft.com/win/2004/08/events/event"
    },
    "System": {
      "Provider": {
        "#attributes": {
          "Name": "Microsoft-Windows-Security-Auditing",
          "Guid": "54849625-5478-4994-A5BA-3E3B0328C30D"
        }
      },
      "EventID": 4730,
      "Version": 2,
      "Level": 0,
      "Task": 12544,
      "Opcode": 0,
      "Keywords": "0x8020000000000000",
      "TimeCreated": {
        "#attributes": {
          "SystemTime": "2026-09-28T09:00:46.5123456Z"
        }
      },
      "EventRecordID": 3046,
      "Correlation": null,
      "Execution": {
        "#attributes": {
          "ProcessID": 780,
          "ThreadID": 1204
        }
      },
      "Channel": "Security",
      "Computer": "DC-01.corp.example",
      "Security": null
    },
    "EventData": {
      "TargetUserName": "Finance Auditors",
      "TargetDomainName": "CORP",
      "TargetSid": "S-1-5-21-1004336348-1177238915-682003330-1901",
      "SubjectUserSid": "S-1-5-21-1004336348-1177238915-682003330-1105",
      "SubjectUserName": "it-admin",
      "SubjectDomainName": "CORP",
      "SubjectLogonId": "0x5f3a21",
      "PrivilegeList": "-"
    }
  }
}
{
  "Event": {
    "#attributes": {
      "xmlns": "http://schemas.microsoft.com/win/2004/08/events/event"
    },
    "System": {
      "Provider": {
        "#attributes": {
          "Name": "Microsoft-Windows-Security-Auditing",
          "Guid": "54849625-5478-4994-A5BA-3E3B0328C30D"
        }
      },
      "EventID": 4734,
      "Version": 2,
      "Level": 0,
      "Task": 12544,
      "Opcode": 0,
      "Keywords": "0x8020000000000000",
      "TimeCreated": {
        "#attributes": {
          "SystemTime": "2026-09-28T09:00:47.5123456Z"
        }
      },
      "EventRecordID": 3047,
      "Correlation": null,
      "Execution": {
        "#attributes": {
          "ProcessID": 780,
          "ThreadID": 1204
        }
      },
      "Channel": "Security",
      "Computer": "DC-01.corp.example",
      "Security": null
    },
    "EventData": {
      "TargetUserName": "Finance Local",
      "TargetDomainName": "WS-FINANCE-07",
      "TargetSid": "S-1-5-21-2203514127-3911278645-1283746152-1010",
      "SubjectUserSid": "S-1-5-21-1004336348-1177238915-682003330-1105",
      "SubjectUserName": "it-admin",
      "SubjectDomainName": "CORP",
      "SubjectLogonId": "0x5f3a21",
      "PrivilegeList": "-"
    }
  }
}
{
  "Event": {
    "#attributes": {
      "xmlns": "http://schemas.microsoft.com/win/2004/08/events/event"
    },
    "System": {
      "Provider": {
        "#attributes": {
          "Name": "Microsoft-Windows-Security-Auditing",
          "Guid": "54849625-5478-4994-A5BA-3E3B0328C30D"
        }
      },
      "EventID": 4758,
      "Version": 2,
      "Level": 0,
      "Task": 12544,
      "Opcode": 0,
      "Keywords": "0x8020000000000000",
      "TimeCreated": {
        "#attributes": {
          "SystemTime": "2026-09-28T09:00:48.5123456Z"
        }
      },
      "EventRecordID": 3048,
      "Correlation": null,
      "Execution": {
        "#attributes": {
          "ProcessID": 780,
          "ThreadID": 1204
        }
      },
      "Channel": "Security",
      "Computer": "DC-01.corp.example",
      "Security": null
    },
    "EventData": {
      "TargetUserName": "Finance Global Readers",
      "TargetDomainName": "CORP",
      "TargetSid": "S-1-5-21-1004336348-1177238915-682003330-1902",
      "SubjectUserSid": "S-1-5-21-1004336348-1177238915-682003330-1105",
      "SubjectUserName": "it-admin",
      "SubjectDomainName": "CORP",
      "SubjectLogonId": "0x5f3a21",
      "PrivilegeList": "-"
    }
  }
}
{
  "Event": {
    "#attributes": {
      "xmlns": "http://schemas.microsoft.com/win/2004/08/events/event"
    },
    "System": {
      "Provider": {
        "#attributes": {
          "Name": "Microsoft-Windows-Security-Auditing",
          "Guid": "54849625-5478-4994-A5BA-3E3B0328C30D"
        }
      },
      "EventID": 4662,
      "Version": 2,
      "Level": 0,
      "Task": 12544,
      "Opcode": 0,
      "Keywords": "0x8020000000000000",
      "TimeCreated": {
        "#attributes": {
          "SystemTime": "2026-09-28T09:00:49.5123456Z"
        }
      },
      "EventRecordID": 3049,
      "Correlation": null,
      "Execution": {
        "#attributes": {
          "ProcessID": 780,
          "ThreadID": 1204
        }
      },
      "Channel": "Security",
      "Computer": "DC-01.corp.example",
      "Security": null
    },
    "EventData": {
      "SubjectUserSid": "S-1-5-21-1004336348-1177238915-682003330-1105",
      "SubjectUserName": "it-admin",
      "SubjectDomainName": "CORP",
      "SubjectLogonId": "0x5f3a21",
      "ObjectServer": "DS",
      "ObjectType": "%{bf967aba-0de6-11d0-a285-00aa003049e2}",
      "ObjectName": "%{3c9e2a71-5b8d-4f02-a6e1-7d4c9b0a2e13}",
      "OperationType": "Object Access",
      "HandleId": "0x0",
      "AccessList": "%%7685\n\t\t\t\t",
      "AccessMask": "0x20",
      "Properties": "%%7685\n\t\t{bf967950-0de6-11d0-a285-00aa003049e2}\n\t{bf967aba-0de6-11d0-a285-00aa003049e2}\n",
      "AdditionalInfo": "-",
      "AdditionalInfo2": ""
    }
  }
}
{
  "Event": {
    "#attributes": {
      "xmlns": "http://schemas.microsoft.com/win/2004/08/events/event"
    },
    "System": {
      "Provider": {
        "#attributes": {
          "Name": "Microsoft-Windows-Security-Auditing",
          "Guid": "54849625-5478-4994-A5BA-3E3B0328C30D"
        }
      },
      "EventID": 4661,
      "Version": 2,
      "Level": 0,
      "Task": 12544,
      "Opcode": 0,
      "Keywords": "0x8020000000000000",
      "TimeCreated": {
        "#attributes": {
          "SystemTime": "2026-09-28T09:00:50.5123456Z"
        }
      },
      "EventRecordID": 3050,
      "Correlation": null,
      "Execution": {
        "#attributes": {
          "ProcessID": 780,
          "ThreadID": 1204
        }
      },
      "Channel": "Security",
      "Computer": "DC-01.corp.example",
      "Security": null
    },
    "EventData": {
      "SubjectUserSid": "S-1-5-21-1004336348-1177238915-682003330-1105",
      "SubjectUserName": "it-admin",
      "SubjectDomainName": "CORP",
      "SubjectLogonId": "0x5f3a21",
      "ObjectServer": "Security Account Manager",
      "ObjectType": "SAM_DOMAIN",
      "ObjectName": "DC=corp,DC=example",
      "HandleId": "0x2a8c",
      "TransactionId": "{00000000-0000-0000-0000-000000000000}",
      "AccessList": "%%5392\n\t\t\t\t",
      "AccessMask": "0x20",
      "PrivilegeList": "-",
      "Properties": "-",
      "RestrictedSidCount": "0",
      "ProcessId": "0x2c4",
      "ProcessName": "C:\\Windows\\System32\\lsass.exe"
    }
  }
}
{
  "Event": {
    "#attributes": {
      "xmlns": "http://schemas.microsoft.com/win/2004/08/events/event"
    },
    "System": {
      "Provider": {
        "#attributes": {
          "Name": "Microsoft-Windows-Security-Auditing",
          "Guid": "54849625-5478-4994-A5BA-3E3B0328C30D"
        }
      },
      "EventID": 4657,
      "Version": 2,
      "Level": 0,
      "Task": 12544,
      "Opcode": 0,
      "Keywords": "0x8020000000000000",
      "TimeCreated": {
        "#attributes": {
          "SystemTime": "2026-09-28T09:00:51.5123456Z"
        }
      },
      "EventRecordID": 3051,
      "Correlation": null,
      "Execution": {
        "#attributes": {
          "ProcessID": 780,
          "ThreadID": 1204
        }
      },
      "Channel": "Security",
      "Computer": "WS-FINANCE-07.corp.example",
      "Security": null
    },
    "EventData": {
      "SubjectUserSid": "S-1-5-21-1004336348-1177238915-682003330-1105",
      "SubjectUserName": "it-admin",
      "SubjectDomainName": "CORP",
      "SubjectLogonId": "0x5f3a21",
      "ObjectName": "\\REGISTRY\\MACHINE\\SOFTWARE\\FinanceSync",
      "ObjectValueName": "SyncInterval",
      "HandleId": "0x3f0",
      "OperationType": "%%1905",
      "OldValueType": "%%1876",
      "OldValue": "15",
      "NewValueType": "%%1876",
      "NewValue": "30",
      "ProcessId": "0x1a2c",
      "ProcessName": "C:\\Program Files\\FinanceSync\\sync.exe"
    }
  }
}
{
  "Event": {
    "#attributes": {
      "xmlns": "http://schemas.microsoft.com/win/2004/08/events/event"
    },
    "System": {
      "Provider": {
        "#attributes": {
          "Name": "Microsoft-Windows-Security-Auditing",
          "Guid": "54849625-5478-4994-A5BA-3E3B0328C30D"
        }
      },
      "EventID": 4648,
      "Version": 2,
      "Level": 0,
      "Task": 12544,
      "Opcode": 0,
      "Keywords": "0x8020000000000000",
      "TimeCreated": {
        "#attributes": {
          "SystemTime": "2026-09-28T09:00:52.5123456Z"
        }
      },
      "EventRecordID": 3052,
      "Correlation": null,
      "Execution": {
        "#attributes": {
          "ProcessID": 780,
          "ThreadID": 1204
        }
      },
      "Channel": "Security",
      "Computer": "WS-FINANCE-07.corp.example",
      "Security": null
    },
    "EventData": {
      "SubjectUserSid": "S-1-5-21-1004336348-1177238915-682003330-1105",
      "SubjectUserName": "it-admin",
      "SubjectDomainName": "CORP",
      "SubjectLogonId": "0x5f3a21",
      "LogonGuid": "{00000000-0000-0000-0000-000000000000}",
      "TargetUserName": "svc-backup",
      "TargetDomainName": "CORP",
      "TargetLogonGuid": "{00000000-0000-0000-0000-000000000000}",
      "TargetServerName": "FS-02.corp.example",
      "TargetInfo": "FS-02.corp.example",
      "ProcessId": "0x1a2c",
      "ProcessName": "C:\\Windows\\System32\\runas.exe",
      "IpAddress": "-",
      "IpPort": "-"
    }
  }
}
